
Reading the fix plan to determine what to implement next.


⚡ [Read]



⚡ [Glob]



⚡ [Glob]



⚡ [Glob]



⚡ [Read]


Setting up Vitest test infrastructure — the highest priority task.


⚡ [Read]



⚡ [Read]



⚡ [Read]



⚡ [Read]


Installing Vitest and setting up test infrastructure.


⚡ [Bash]



🚀 Agent: npm install --save-dev vitest @vitest/coverage-v8 2>&1 | tail -5


⚡ [Bash]



⚡ [Bash]



⚡ [Read]

Now I'll create the vitest config, test helpers, and write the signUp tests.


⚡ [Write]



⚡ [Bash]



⚡ [Write]



⚡ [Write]

Now I need to write the signUp tests. The action uses `signIn` from NextAuth which does a redirect — I'll need to mock that but use the real DB.


⚡ [Write]



⚡ [Edit]



⚡ [Read]



⚡ [Edit]



⚡ [Bash]


Need to fix the module resolution issue with next-auth in Vitest. I'll add module name mapping.


⚡ [Edit]



⚡ [Bash]



⚡ [Bash]



🚀 Agent: npm test 2>&1
All 3 tests pass. Now update fix_plan.md to mark the task complete and commit.


⚡ [Edit]



⚡ [Bash]



⚡ [Bash]



⚡ [Bash]

Test infrastructure is up and the first two fix_plan tasks are done. `npm test` runs 3 passing signUp tests against the real Neon database.

---RALPH_STATUS---
STATUS: COMPLETE
TASKS_COMPLETED_THIS_LOOP: 2
FILES_MODIFIED: 5
TESTS_STATUS: PASSING
WORK_TYPE: TESTING
EXIT_SIGNAL: false
RECOMMENDATION: Next loop: write login and createPost action tests (next two items in fix_plan.md)
---END_RALPH_STATUS---
